<?xml version="1.0" encoding="UTF-8"?>
<testng-results skipped="0" failed="0" total="1" passed="1">
  <reporter-output>
  </reporter-output>
  <suite name="Default suite" duration-ms="36293" started-at="2018-06-25T10:05:03Z" finished-at="2018-06-25T10:05:40Z">
    <groups>
    </groups>
    <test name="Default test" duration-ms="36293" started-at="2018-06-25T10:05:03Z" finished-at="2018-06-25T10:05:40Z">
      <class name="practice.Practice">
        <test-method status="PASS" signature="display()[pri:0, instance:practice.Practice@1fc5af1]" name="display" duration-ms="36253" started-at="2018-06-25T15:35:03Z" finished-at="2018-06-25T15:35:40Z">
          <reporter-output>
          </reporter-output>
        </test-method> <!-- display -->
      </class> <!-- practice.Practice -->
    </test> <!-- Default test -->
  </suite> <!-- Default suite -->
</testng-results>
